2026-04-13T20:36:34.755Z | Rik | Nuovo PG murai_ota.json
2026-04-13T20:39:38.457Z | Rik | Upload avatar
2026-04-13T20:39:47.138Z | Rik | Salvataggio murai_ota.json
2026-04-13T20:40:01.942Z | Rik | Upload avatar
2026-04-13T20:40:23.024Z | Rik | Upload avatar
2026-04-13T20:46:57.894Z | Rik | Salvataggio murai_ota.json
2026-04-13T20:47:24.174Z | Rik | Salvataggio murai_ota.json
2026-04-13T20:52:44.148Z | Rik | Salvataggio murai_ota.json
2026-04-13T21:02:57.372Z | Rik | Salvataggio murai_ota.json
2026-04-13T21:04:35.154Z | Rik | Salvataggio murai_ota.json
2026-04-13T21:04:50.430Z | Rik | Nuovo PG minchione.json
2026-04-13T21:19:15.988Z | Rik | Salvataggio murai_ota.json
2026-04-13T21:20:48.797Z | Rik | Salvataggio murai_ota.json
2026-04-13T21:20:58.341Z | Rik | Salvataggio murai_ota.json
2026-04-13T21:21:11.044Z | Rik | Salvataggio murai_ota.json
2026-04-13T21:21:16.579Z | Rik | Salvataggio murai_ota.json
2026-04-13T21:21:20.034Z | Rik | Salvataggio murai_ota.json
2026-04-13T21:29:34.422Z | Rik | Salvataggio murai_ota.json
2026-04-13T21:36:57.130Z | Rik | Salvataggio murai_ota.json
2026-04-13T21:44:09.263Z | Rik | Salvataggio murai_ota.json
2026-04-13T22:08:00.128Z | Rik | Salvataggio murai_ota.json
2026-04-13T22:13:58.739Z | Rik | Salvataggio murai_ota.json
2026-04-13T23:30:04.959Z | Rik | Salvataggio murai_ota.json
2026-04-14T13:37:01.204Z | Rik | Salvataggio murai_ota.json
2026-04-14T13:52:35.311Z | Rik | Salvataggio murai_ota.json
2026-04-14T14:08:49.587Z | Rik | Salvataggio murai_ota.json
2026-04-14T15:22:12.236Z | Rik | Nuovo PG gaucho.json
2026-04-14T15:56:30.219Z | Rik | Upload avatar
2026-04-14T15:57:38.717Z | Rik | Salvataggio gaucho.json
2026-04-14T15:57:49.290Z | Rik | Salvataggio gaucho.json
2026-04-14T16:02:59.873Z | Rik | Salvataggio gaucho.json
2026-04-14T16:42:29.976Z | Rik | Nuovo PG ermanno.json
2026-04-15T12:10:26.866Z | Rik | Salvataggio gaucho.json
2026-04-15T12:16:44.759Z | Rik | Salvataggio gaucho.json
2026-04-15T12:19:11.213Z | Rik | Salvataggio gaucho.json
2026-04-15T12:19:25.412Z | Rik | Duplicato gaucho.json → ecate.json
2026-04-15T12:20:25.455Z | Rik | Duplicato gaucho.json → morgan.json
2026-04-15T12:24:36.964Z | Rik | Upload avatar
2026-04-15T12:25:48.535Z | Rik | Salvataggio morgan.json
2026-04-15T12:27:06.651Z | Rik | Upload avatar
2026-04-15T12:27:10.689Z | Rik | Salvataggio ecate.json
2026-04-15T12:37:46.850Z | Rik | Salvataggio ecate.json
2026-04-15T12:41:51.122Z | Rik | Salvataggio morgan.json
2026-04-15T12:47:03.469Z | Rik | Salvataggio morgan.json
2026-04-15T12:48:16.468Z | Rik | Salvataggio ecate.json
2026-04-15T12:49:01.900Z | Rik | Salvataggio gaucho.json
2026-04-15T15:15:13.814Z | Rik | Duplicato morgan.json → althea.json
2026-04-15T15:16:19.697Z | Rik | Upload avatar
2026-04-15T15:17:54.347Z | Rik | Salvataggio althea.json
2026-04-15T15:18:13.880Z | Rik | Salvataggio morgan.json
2026-04-15T15:21:06.359Z | Rik | Salvataggio althea.json
2026-04-15T15:21:22.339Z | Rik | Salvataggio morgan.json
2026-04-15T15:21:40.945Z | Rik | Salvataggio gaucho.json
2026-04-15T15:23:13.098Z | Rik | Salvataggio althea.json
2026-04-15T15:23:31.193Z | Rik | Salvataggio gaucho.json
2026-04-15T15:36:25.840Z | Rik | Nuovo PG shaila.json
2026-04-15T15:38:29.327Z | Rik | Upload avatar
2026-04-15T15:49:48.820Z | Rik | Salvataggio shaila.json
2026-04-15T15:54:01.437Z | Rik | Salvataggio shaila.json
2026-04-15T15:54:34.453Z | Rik | Salvataggio althea.json
2026-04-15T15:56:12.653Z | Rik | Duplicato shaila.json → boldrick.json
2026-04-15T15:59:15.362Z | Rik | Upload avatar
2026-04-15T16:03:49.520Z | Rik | Salvataggio boldrick.json
2026-04-15T16:05:59.714Z | Rik | Salvataggio boldrick.json
2026-04-15T16:06:08.711Z | Rik | Salvataggio boldrick.json
2026-04-15T19:06:18.692Z | Rik | Salvataggio boldrick.json
2026-04-15T19:08:57.373Z | Rik | Salvataggio shaila.json
2026-04-15T19:47:03.425Z | Rik | Salvataggio althea.json
2026-04-28T12:42:01.313Z | Rik | Duplicato shaila.json → yago.json
2026-04-28T12:42:59.168Z | Rik | Upload avatar
